<?xml version="1.0" encoding="UTF-8"?>
<testng-results ignored="0" total="2" passed="2" failed="0" skipped="0">
  <reporter-output>
  </reporter-output>
  <suite started-at="2023-07-07T10:48:40 IST" name="Default suite" finished-at="2023-07-07T10:48:40 IST" duration-ms="144">
    <groups>
    </groups>
    <test started-at="2023-07-07T10:48:40 IST" name="Default test" finished-at="2023-07-07T10:48:40 IST" duration-ms="144">
      <class name="Testnng.Dpp">
        <test-method signature="testdpvalues(java.lang.String)[pri:0, instance:Testnng.Dpp@73700b80]" started-at="2023-07-07T10:48:40 IST" name="testdpvalues" data-provider="data-provider" finished-at="2023-07-07T10:48:40 IST" duration-ms="14" status="PASS">
          <params>
            <param index="0">
              <value>
                <![CDATA[firstvalue]]>
              </value>
            </param>
          </params>
          <reporter-output>
          </reporter-output>
        </test-method> <!-- testdpvalues -->
        <test-method signature="testdpvalues(java.lang.String)[pri:0, instance:Testnng.Dpp@73700b80]" started-at="2023-07-07T10:48:40 IST" name="testdpvalues" data-provider="data-provider" finished-at="2023-07-07T10:48:40 IST" duration-ms="4" status="PASS">
          <params>
            <param index="0">
              <value>
                <![CDATA[second-val]]>
              </value>
            </param>
          </params>
          <reporter-output>
          </reporter-output>
        </test-method> <!-- testdpvalues -->
      </class> <!-- Testnng.Dpp -->
    </test> <!-- Default test -->
  </suite> <!-- Default suite -->
</testng-results>
